<?xml version="1.0" encoding="UTF-8"?>
<!-- Generated by org.testng.reporters.JUnitXMLReporter -->
<testsuite ignored="0" hostname="LAPTOP-0TEQQFEI" failures="0" tests="3" name="Default test" time="10.956" errors="0" timestamp="2023-02-06T19:03:37 IST">
  <testcase classname="testNgPack.TestNGClass" name="verifyCookiesPolicyLink" time="2.339"/>
  <testcase classname="testNgPack.TestNGClass" name="verifyPrivacyLink" time="2.278"/>
  <testcase classname="testNgPack.TestNGClass" name="verifyTermsLinks" time="2.141"/>
</testsuite> <!-- Default test -->
