<?xml version="1.0" encoding="UTF-8"?>
<!-- Generated by org.testng.reporters.JUnitXMLReporter -->
<testsuite ignored="2" hostname="LAPTOP-0TEQQFEI" failures="0" tests="10" name="Test" time="0.089" errors="0" timestamp="2023-02-12T13:56:29 IST">
  <testcase classname="testNgPack.AutomationNG" name="test1" time="0.007"/>
  <testcase classname="testNgPack.AutomationNG" name="test2" time="0.001"/>
  <testcase classname="testNgPack.AutomationNG" name="test3" time="0.001"/>
  <testcase classname="testNgPack.AutomationNG" name="test4" time="0.002"/>
  <testcase classname="testNgPack.AutomationNG" name="testC" time="0.001"/>
  <testcase classname="testNgPack.AutomationNG" name="testD" time="0.002"/>
  <testcase classname="testNgPack.Automation2" name="test1" time="0.001"/>
  <testcase classname="testNgPack.Automation2" name="test2" time="0.001"/>
  <testcase classname="testNgPack.Automation2" name="test3" time="0.0"/>
  <testcase classname="testNgPack.Automation2" name="test4" time="0.001"/>
  <testcase classname="testNgPack.AutomationNG" name="testA" time="0.0">
    <ignored/>
  </testcase> <!-- testA -->
  <testcase classname="testNgPack.AutomationNG" name="testB" time="0.0">
    <ignored/>
  </testcase> <!-- testB -->
</testsuite> <!-- Test -->
