<?xml version="1.0" encoding="UTF-8"?>
<testng-results ignored="2" total="12" passed="10" failed="0" skipped="0">
  <reporter-output>
  </reporter-output>
  <suite started-at="2023-02-12T13:56:29 IST" name="Suite" finished-at="2023-02-12T13:56:29 IST" duration-ms="89">
    <groups>
    </groups>
    <test started-at="2023-02-12T13:56:29 IST" name="Test" finished-at="2023-02-12T13:56:29 IST" duration-ms="89">
      <class name="testNgPack.Automation2">
        <test-method is-config="true" signature="beforeSuite()[pri:0, instance:testNgPack.Automation2@5c30a9b0]" started-at="2023-02-12T13:56:29 IST" name="beforeSuite" finished-at="2023-02-12T13:56:29 IST" duration-ms="7" status="PASS">
          <reporter-output>
          </reporter-output>
        </test-method> <!-- beforeSuite -->
        <test-method is-config="true" signature="beforeTest()[pri:0, instance:testNgPack.Automation2@5c30a9b0]" started-at="2023-02-12T13:56:29 IST" name="beforeTest" finished-at="2023-02-12T13:56:29 IST" duration-ms="0" status="PASS">
          <reporter-output>
          </reporter-output>
        </test-method> <!-- beforeTest -->
        <test-method is-config="true" signature="beforeClass()[pri:0, instance:testNgPack.Automation2@5c30a9b0]" started-at="2023-02-12T13:56:29 IST" name="beforeClass" finished-at="2023-02-12T13:56:29 IST" duration-ms="0" status="PASS">
          <reporter-output>
          </reporter-output>
        </test-method> <!-- beforeClass -->
        <test-method signature="test1()[pri:0, instance:testNgPack.Automation2@5c30a9b0]" started-at="2023-02-12T13:56:29 IST" name="test1" finished-at="2023-02-12T13:56:29 IST" duration-ms="1" status="PASS">
          <reporter-output>
          </reporter-output>
        </test-method> <!-- test1 -->
        <test-method is-config="true" signature="beforeMethod()[pri:0, instance:testNgPack.Automation2@5c30a9b0]" started-at="2023-02-12T13:56:29 IST" name="beforeMethod" finished-at="2023-02-12T13:56:29 IST" duration-ms="0" status="PASS">
          <reporter-output>
          </reporter-output>
        </test-method> <!-- beforeMethod -->
        <test-method is-config="true" signature="afterMethod()[pri:0, instance:testNgPack.Automation2@5c30a9b0]" started-at="2023-02-12T13:56:29 IST" name="afterMethod" finished-at="2023-02-12T13:56:29 IST" duration-ms="1" status="PASS">
          <reporter-output>
          </reporter-output>
        </test-method> <!-- afterMethod -->
        <test-method is-config="true" signature="beforeMethod()[pri:0, instance:testNgPack.Automation2@5c30a9b0]" started-at="2023-02-12T13:56:29 IST" name="beforeMethod" finished-at="2023-02-12T13:56:29 IST" duration-ms="0" status="PASS">
          <reporter-output>
          </reporter-output>
        </test-method> <!-- beforeMethod -->
        <test-method signature="test2()[pri:0, instance:testNgPack.Automation2@5c30a9b0]" started-at="2023-02-12T13:56:29 IST" name="test2" finished-at="2023-02-12T13:56:29 IST" duration-ms="1" status="PASS">
          <reporter-output>
          </reporter-output>
        </test-method> <!-- test2 -->
        <test-method is-config="true" signature="afterMethod()[pri:0, instance:testNgPack.Automation2@5c30a9b0]" started-at="2023-02-12T13:56:29 IST" name="afterMethod" finished-at="2023-02-12T13:56:29 IST" duration-ms="0" status="PASS">
          <reporter-output>
          </reporter-output>
        </test-method> <!-- afterMethod -->
        <test-method is-config="true" signature="beforeMethod()[pri:0, instance:testNgPack.Automation2@5c30a9b0]" started-at="2023-02-12T13:56:29 IST" name="beforeMethod" finished-at="2023-02-12T13:56:29 IST" duration-ms="1" status="PASS">
          <reporter-output>
          </reporter-output>
        </test-method> <!-- beforeMethod -->
        <test-method signature="test3()[pri:0, instance:testNgPack.Automation2@5c30a9b0]" started-at="2023-02-12T13:56:29 IST" name="test3" finished-at="2023-02-12T13:56:29 IST" duration-ms="0" status="PASS">
          <reporter-output>
          </reporter-output>
        </test-method> <!-- test3 -->
        <test-method is-config="true" signature="afterMethod()[pri:0, instance:testNgPack.Automation2@5c30a9b0]" started-at="2023-02-12T13:56:29 IST" name="afterMethod" finished-at="2023-02-12T13:56:29 IST" duration-ms="0" status="PASS">
          <reporter-output>
          </reporter-output>
        </test-method> <!-- afterMethod -->
        <test-method is-config="true" signature="beforeMethod()[pri:0, instance:testNgPack.Automation2@5c30a9b0]" started-at="2023-02-12T13:56:29 IST" name="beforeMethod" finished-at="2023-02-12T13:56:29 IST" duration-ms="0" status="PASS">
          <reporter-output>
          </reporter-output>
        </test-method> <!-- beforeMethod -->
        <test-method signature="test4()[pri:0, instance:testNgPack.Automation2@5c30a9b0]" started-at="2023-02-12T13:56:29 IST" name="test4" finished-at="2023-02-12T13:56:29 IST" duration-ms="1" status="PASS">
          <reporter-output>
          </reporter-output>
        </test-method> <!-- test4 -->
        <test-method is-config="true" signature="afterClass()[pri:0, instance:testNgPack.Automation2@5c30a9b0]" started-at="2023-02-12T13:56:29 IST" name="afterClass" finished-at="2023-02-12T13:56:29 IST" duration-ms="1" status="PASS">
          <reporter-output>
          </reporter-output>
        </test-method> <!-- afterClass -->
        <test-method is-config="true" signature="afterMethod()[pri:0, instance:testNgPack.Automation2@5c30a9b0]" started-at="2023-02-12T13:56:29 IST" name="afterMethod" finished-at="2023-02-12T13:56:29 IST" duration-ms="0" status="PASS">
          <reporter-output>
          </reporter-output>
        </test-method> <!-- afterMethod -->
        <test-method is-config="true" signature="afterTest()[pri:0, instance:testNgPack.Automation2@5c30a9b0]" started-at="2023-02-12T13:56:29 IST" name="afterTest" finished-at="2023-02-12T13:56:29 IST" duration-ms="0" status="PASS">
          <reporter-output>
          </reporter-output>
        </test-method> <!-- afterTest -->
        <test-method is-config="true" signature="afterSuite()[pri:0, instance:testNgPack.Automation2@5c30a9b0]" started-at="2023-02-12T13:56:29 IST" name="afterSuite" finished-at="2023-02-12T13:56:29 IST" duration-ms="1" status="PASS">
          <reporter-output>
          </reporter-output>
        </test-method> <!-- afterSuite -->
      </class> <!-- testNgPack.Automation2 -->
      <class name="testNgPack.AutomationNG">
        <test-method is-config="true" signature="beforeSuite()[pri:0, instance:testNgPack.AutomationNG@9353778]" started-at="2023-02-12T13:56:29 IST" name="beforeSuite" finished-at="2023-02-12T13:56:29 IST" duration-ms="0" status="PASS">
          <reporter-output>
          </reporter-output>
        </test-method> <!-- beforeSuite -->
        <test-method is-config="true" signature="beforeTest()[pri:0, instance:testNgPack.AutomationNG@9353778]" started-at="2023-02-12T13:56:29 IST" name="beforeTest" finished-at="2023-02-12T13:56:29 IST" duration-ms="1" status="PASS">
          <reporter-output>
          </reporter-output>
        </test-method> <!-- beforeTest -->
        <test-method is-config="true" signature="beforeClass()[pri:0, instance:testNgPack.AutomationNG@9353778]" started-at="2023-02-12T13:56:29 IST" name="beforeClass" finished-at="2023-02-12T13:56:29 IST" duration-ms="2" status="PASS">
          <reporter-output>
          </reporter-output>
        </test-method> <!-- beforeClass -->
        <test-method is-config="true" signature="beforeMethod()[pri:0, instance:testNgPack.AutomationNG@9353778]" started-at="2023-02-12T13:56:29 IST" name="beforeMethod" finished-at="2023-02-12T13:56:29 IST" duration-ms="0" status="PASS">
          <reporter-output>
          </reporter-output>
        </test-method> <!-- beforeMethod -->
        <test-method signature="test1()[pri:0, instance:testNgPack.AutomationNG@9353778]" started-at="2023-02-12T13:56:29 IST" name="test1" finished-at="2023-02-12T13:56:29 IST" duration-ms="7" status="PASS">
          <reporter-output>
          </reporter-output>
        </test-method> <!-- test1 -->
        <test-method is-config="true" signature="afterMethod()[pri:0, instance:testNgPack.AutomationNG@9353778]" started-at="2023-02-12T13:56:29 IST" name="afterMethod" finished-at="2023-02-12T13:56:29 IST" duration-ms="0" status="PASS">
          <reporter-output>
          </reporter-output>
        </test-method> <!-- afterMethod -->
        <test-method is-config="true" signature="beforeMethod()[pri:0, instance:testNgPack.AutomationNG@9353778]" started-at="2023-02-12T13:56:29 IST" name="beforeMethod" finished-at="2023-02-12T13:56:29 IST" duration-ms="1" status="PASS">
          <reporter-output>
          </reporter-output>
        </test-method> <!-- beforeMethod -->
        <test-method signature="test2()[pri:0, instance:testNgPack.AutomationNG@9353778]" started-at="2023-02-12T13:56:29 IST" name="test2" finished-at="2023-02-12T13:56:29 IST" duration-ms="1" status="PASS">
          <reporter-output>
          </reporter-output>
        </test-method> <!-- test2 -->
        <test-method signature="test3()[pri:0, instance:testNgPack.AutomationNG@9353778]" started-at="2023-02-12T13:56:29 IST" name="test3" finished-at="2023-02-12T13:56:29 IST" duration-ms="1" status="PASS">
          <reporter-output>
          </reporter-output>
        </test-method> <!-- test3 -->
        <test-method is-config="true" signature="afterMethod()[pri:0, instance:testNgPack.AutomationNG@9353778]" started-at="2023-02-12T13:56:29 IST" name="afterMethod" finished-at="2023-02-12T13:56:29 IST" duration-ms="0" status="PASS">
          <reporter-output>
          </reporter-output>
        </test-method> <!-- afterMethod -->
        <test-method is-config="true" signature="beforeMethod()[pri:0, instance:testNgPack.AutomationNG@9353778]" started-at="2023-02-12T13:56:29 IST" name="beforeMethod" finished-at="2023-02-12T13:56:29 IST" duration-ms="0" status="PASS">
          <reporter-output>
          </reporter-output>
        </test-method> <!-- beforeMethod -->
        <test-method is-config="true" signature="afterMethod()[pri:0, instance:testNgPack.AutomationNG@9353778]" started-at="2023-02-12T13:56:29 IST" name="afterMethod" finished-at="2023-02-12T13:56:29 IST" duration-ms="0" status="PASS">
          <reporter-output>
          </reporter-output>
        </test-method> <!-- afterMethod -->
        <test-method is-config="true" signature="beforeMethod()[pri:0, instance:testNgPack.AutomationNG@9353778]" started-at="2023-02-12T13:56:29 IST" name="beforeMethod" finished-at="2023-02-12T13:56:29 IST" duration-ms="0" status="PASS">
          <reporter-output>
          </reporter-output>
        </test-method> <!-- beforeMethod -->
        <test-method signature="test4()[pri:0, instance:testNgPack.AutomationNG@9353778]" started-at="2023-02-12T13:56:29 IST" name="test4" finished-at="2023-02-12T13:56:29 IST" duration-ms="2" status="PASS">
          <reporter-output>
          </reporter-output>
        </test-method> <!-- test4 -->
        <test-method is-config="true" signature="afterMethod()[pri:0, instance:testNgPack.AutomationNG@9353778]" started-at="2023-02-12T13:56:29 IST" name="afterMethod" finished-at="2023-02-12T13:56:29 IST" duration-ms="0" status="PASS">
          <reporter-output>
          </reporter-output>
        </test-method> <!-- afterMethod -->
        <test-method signature="testC()[pri:0, instance:testNgPack.AutomationNG@9353778]" started-at="2023-02-12T13:56:29 IST" name="testC" finished-at="2023-02-12T13:56:29 IST" duration-ms="1" status="PASS">
          <reporter-output>
          </reporter-output>
        </test-method> <!-- testC -->
        <test-method is-config="true" signature="beforeMethod()[pri:0, instance:testNgPack.AutomationNG@9353778]" started-at="2023-02-12T13:56:29 IST" name="beforeMethod" finished-at="2023-02-12T13:56:29 IST" duration-ms="0" status="PASS">
          <reporter-output>
          </reporter-output>
        </test-method> <!-- beforeMethod -->
        <test-method is-config="true" signature="afterMethod()[pri:0, instance:testNgPack.AutomationNG@9353778]" started-at="2023-02-12T13:56:29 IST" name="afterMethod" finished-at="2023-02-12T13:56:29 IST" duration-ms="0" status="PASS">
          <reporter-output>
          </reporter-output>
        </test-method> <!-- afterMethod -->
        <test-method is-config="true" signature="beforeMethod()[pri:0, instance:testNgPack.AutomationNG@9353778]" started-at="2023-02-12T13:56:29 IST" name="beforeMethod" finished-at="2023-02-12T13:56:29 IST" duration-ms="0" status="PASS">
          <reporter-output>
          </reporter-output>
        </test-method> <!-- beforeMethod -->
        <test-method signature="testD()[pri:0, instance:testNgPack.AutomationNG@9353778]" started-at="2023-02-12T13:56:29 IST" name="testD" finished-at="2023-02-12T13:56:29 IST" duration-ms="2" status="PASS">
          <reporter-output>
          </reporter-output>
        </test-method> <!-- testD -->
        <test-method is-config="true" signature="afterMethod()[pri:0, instance:testNgPack.AutomationNG@9353778]" started-at="2023-02-12T13:56:29 IST" name="afterMethod" finished-at="2023-02-12T13:56:29 IST" duration-ms="0" status="PASS">
          <reporter-output>
          </reporter-output>
        </test-method> <!-- afterMethod -->
        <test-method is-config="true" signature="afterClass()[pri:0, instance:testNgPack.AutomationNG@9353778]" started-at="2023-02-12T13:56:29 IST" name="afterClass" finished-at="2023-02-12T13:56:29 IST" duration-ms="1" status="PASS">
          <reporter-output>
          </reporter-output>
        </test-method> <!-- afterClass -->
        <test-method is-config="true" signature="afterTest()[pri:0, instance:testNgPack.AutomationNG@9353778]" started-at="2023-02-12T13:56:29 IST" name="afterTest" finished-at="2023-02-12T13:56:29 IST" duration-ms="1" status="PASS">
          <reporter-output>
          </reporter-output>
        </test-method> <!-- afterTest -->
        <test-method is-config="true" signature="afterSuite()[pri:0, instance:testNgPack.AutomationNG@9353778]" started-at="2023-02-12T13:56:29 IST" name="afterSuite" finished-at="2023-02-12T13:56:29 IST" duration-ms="1" status="PASS">
          <reporter-output>
          </reporter-output>
        </test-method> <!-- afterSuite -->
      </class> <!-- testNgPack.AutomationNG -->
    </test> <!-- Test -->
  </suite> <!-- Suite -->
</testng-results>
